<?xml version="1.0" encoding="UTF-8"?>
<testng-results skipped="0" failed="0" ignored="0" total="5" passed="5">
  <reporter-output>
  </reporter-output>
  <suite name="Default suite" duration-ms="32263" started-at="2023-03-17T14:43:09 IST" finished-at="2023-03-17T14:43:41 IST">
    <groups>
      <group name="cucumber">
        <method signature="AbstractTestNGCucumberTests.runScenario(io.cucumber.testng.PickleWrapper,io.cucumber.testng.FeatureWrapper)[pri:0, instance:runners.DemoBlazeRunner@646007f4]" name="runScenario" class="io.cucumber.testng.AbstractTestNGCucumberTests"/>
      </group> <!-- cucumber -->
    </groups>
    <test name="Default test" duration-ms="32263" started-at="2023-03-17T14:43:09 IST" finished-at="2023-03-17T14:43:41 IST">
      <class name="runners.DemoBlazeRunner">
        <test-method status="PASS" signature="setUpClass(org.testng.ITestContext)[pri:0, instance:runners.DemoBlazeRunner@646007f4]" name="setUpClass" is-config="true" duration-ms="7489" started-at="2023-03-17T14:43:09 IST" finished-at="2023-03-17T14:43:17 IST">
          <params>
            <param index="0">
              <value>
                <![CDATA[org.testng.TestRunner@4f0cab0a]]>
              </value>
            </param>
          </params>
          <reporter-output>
          </reporter-output>
        </test-method> <!-- setUpClass -->
        <test-method status="PASS" signature="runScenario(io.cucumber.testng.PickleWrapper,io.cucumber.testng.FeatureWrapper)[pri:0, instance:runners.DemoBlazeRunner@646007f4]" name="runScenario" duration-ms="3365" started-at="2023-03-17T14:43:17 IST" description="Runs Cucumber Scenarios" data-provider="scenarios" finished-at="2023-03-17T14:43:20 IST">
          <params>
            <param index="0">
              <value>
                <![CDATA["Valid Login"]]>
              </value>
            </param>
            <param index="1">
              <value>
                <![CDATA["Title of your feature"]]>
              </value>
            </param>
          </params>
          <reporter-output>
          </reporter-output>
        </test-method> <!-- runScenario -->
        <test-method status="PASS" signature="runScenario(io.cucumber.testng.PickleWrapper,io.cucumber.testng.FeatureWrapper)[pri:0, instance:runners.DemoBlazeRunner@646007f4]" name="runScenario" duration-ms="6393" started-at="2023-03-17T14:43:20 IST" description="Runs Cucumber Scenarios" data-provider="scenarios" finished-at="2023-03-17T14:43:26 IST">
          <params>
            <param index="0">
              <value>
                <![CDATA["Add items to cart"]]>
              </value>
            </param>
            <param index="1">
              <value>
                <![CDATA["Title of your feature"]]>
              </value>
            </param>
          </params>
          <reporter-output>
          </reporter-output>
        </test-method> <!-- runScenario -->
        <test-method status="PASS" signature="runScenario(io.cucumber.testng.PickleWrapper,io.cucumber.testng.FeatureWrapper)[pri:0, instance:runners.DemoBlazeRunner@646007f4]" name="runScenario" duration-ms="6361" started-at="2023-03-17T14:43:26 IST" description="Runs Cucumber Scenarios" data-provider="scenarios" finished-at="2023-03-17T14:43:33 IST">
          <params>
            <param index="0">
              <value>
                <![CDATA["Add items to cart"]]>
              </value>
            </param>
            <param index="1">
              <value>
                <![CDATA["Title of your feature"]]>
              </value>
            </param>
          </params>
          <reporter-output>
          </reporter-output>
        </test-method> <!-- runScenario -->
        <test-method status="PASS" signature="runScenario(io.cucumber.testng.PickleWrapper,io.cucumber.testng.FeatureWrapper)[pri:0, instance:runners.DemoBlazeRunner@646007f4]" name="runScenario" duration-ms="2843" started-at="2023-03-17T14:43:33 IST" description="Runs Cucumber Scenarios" data-provider="scenarios" finished-at="2023-03-17T14:43:36 IST">
          <params>
            <param index="0">
              <value>
                <![CDATA["Delete an Item"]]>
              </value>
            </param>
            <param index="1">
              <value>
                <![CDATA["Title of your feature"]]>
              </value>
            </param>
          </params>
          <reporter-output>
          </reporter-output>
        </test-method> <!-- runScenario -->
        <test-method status="PASS" signature="runScenario(io.cucumber.testng.PickleWrapper,io.cucumber.testng.FeatureWrapper)[pri:0, instance:runners.DemoBlazeRunner@646007f4]" name="runScenario" duration-ms="4011" started-at="2023-03-17T14:43:36 IST" description="Runs Cucumber Scenarios" data-provider="scenarios" finished-at="2023-03-17T14:43:40 IST">
          <params>
            <param index="0">
              <value>
                <![CDATA["Place Order"]]>
              </value>
            </param>
            <param index="1">
              <value>
                <![CDATA["Title of your feature"]]>
              </value>
            </param>
          </params>
          <reporter-output>
          </reporter-output>
        </test-method> <!-- runScenario -->
        <test-method status="PASS" signature="tearDownClass()[pri:0, instance:runners.DemoBlazeRunner@646007f4]" name="tearDownClass" is-config="true" duration-ms="1773" started-at="2023-03-17T14:43:40 IST" finished-at="2023-03-17T14:43:41 IST">
          <reporter-output>
          </reporter-output>
        </test-method> <!-- tearDownClass -->
      </class> <!-- runners.DemoBlazeRunner -->
    </test> <!-- Default test -->
  </suite> <!-- Default suite -->
</testng-results>
