<?xml version="1.0" encoding="UTF-8"?>
<testng-results skipped="0" failed="0" ignored="0" total="5" passed="5">
  <reporter-output>
  </reporter-output>
  <suite name="Default suite" duration-ms="25755" started-at="2023-03-17T14:54:42 IST" finished-at="2023-03-17T14:55:08 IST">
    <groups>
      <group name="cucumber">
        <method signature="AbstractTestNGCucumberTests.runScenario(io.cucumber.testng.PickleWrapper,io.cucumber.testng.FeatureWrapper)[pri:0, instance:runners.DemoBlazeRunner@646007f4]" name="runScenario" class="io.cucumber.testng.AbstractTestNGCucumberTests"/>
      </group> <!-- cucumber -->
    </groups>
    <test name="Default test" duration-ms="25755" started-at="2023-03-17T14:54:42 IST" finished-at="2023-03-17T14:55:08 IST">
      <class name="runners.DemoBlazeRunner">
        <test-method status="PASS" signature="setUpClass(org.testng.ITestContext)[pri:0, instance:runners.DemoBlazeRunner@646007f4]" name="setUpClass" is-config="true" duration-ms="5237" started-at="2023-03-17T14:54:42 IST" finished-at="2023-03-17T14:54:47 IST">
          <params>
            <param index="0">
              <value>
                <![CDATA[org.testng.TestRunner@4f0cab0a]]>
              </value>
            </param>
          </params>
          <reporter-output>
          </reporter-output>
        </test-method> <!-- setUpClass -->
        <test-method status="PASS" signature="runScenario(io.cucumber.testng.PickleWrapper,io.cucumber.testng.FeatureWrapper)[pri:0, instance:runners.DemoBlazeRunner@646007f4]" name="runScenario" duration-ms="2759" started-at="2023-03-17T14:54:47 IST" description="Runs Cucumber Scenarios" data-provider="scenarios" finished-at="2023-03-17T14:54:50 IST">
          <params>
            <param index="0">
              <value>
                <![CDATA["Valid Login"]]>
              </value>
            </param>
            <param index="1">
              <value>
                <![CDATA["Title of your feature"]]>
              </value>
            </param>
          </params>
          <reporter-output>
          </reporter-output>
        </test-method> <!-- runScenario -->
        <test-method status="PASS" signature="runScenario(io.cucumber.testng.PickleWrapper,io.cucumber.testng.FeatureWrapper)[pri:0, instance:runners.DemoBlazeRunner@646007f4]" name="runScenario" duration-ms="5480" started-at="2023-03-17T14:54:50 IST" description="Runs Cucumber Scenarios" data-provider="scenarios" finished-at="2023-03-17T14:54:56 IST">
          <params>
            <param index="0">
              <value>
                <![CDATA["Add items to cart"]]>
              </value>
            </param>
            <param index="1">
              <value>
                <![CDATA["Title of your feature"]]>
              </value>
            </param>
          </params>
          <reporter-output>
          </reporter-output>
        </test-method> <!-- runScenario -->
        <test-method status="PASS" signature="runScenario(io.cucumber.testng.PickleWrapper,io.cucumber.testng.FeatureWrapper)[pri:0, instance:runners.DemoBlazeRunner@646007f4]" name="runScenario" duration-ms="4607" started-at="2023-03-17T14:54:56 IST" description="Runs Cucumber Scenarios" data-provider="scenarios" finished-at="2023-03-17T14:55:00 IST">
          <params>
            <param index="0">
              <value>
                <![CDATA["Add items to cart"]]>
              </value>
            </param>
            <param index="1">
              <value>
                <![CDATA["Title of your feature"]]>
              </value>
            </param>
          </params>
          <reporter-output>
          </reporter-output>
        </test-method> <!-- runScenario -->
        <test-method status="PASS" signature="runScenario(io.cucumber.testng.PickleWrapper,io.cucumber.testng.FeatureWrapper)[pri:0, instance:runners.DemoBlazeRunner@646007f4]" name="runScenario" duration-ms="2757" started-at="2023-03-17T14:55:00 IST" description="Runs Cucumber Scenarios" data-provider="scenarios" finished-at="2023-03-17T14:55:03 IST">
          <params>
            <param index="0">
              <value>
                <![CDATA["Delete an Item"]]>
              </value>
            </param>
            <param index="1">
              <value>
                <![CDATA["Title of your feature"]]>
              </value>
            </param>
          </params>
          <reporter-output>
          </reporter-output>
        </test-method> <!-- runScenario -->
        <test-method status="PASS" signature="runScenario(io.cucumber.testng.PickleWrapper,io.cucumber.testng.FeatureWrapper)[pri:0, instance:runners.DemoBlazeRunner@646007f4]" name="runScenario" duration-ms="2778" started-at="2023-03-17T14:55:03 IST" description="Runs Cucumber Scenarios" data-provider="scenarios" finished-at="2023-03-17T14:55:06 IST">
          <params>
            <param index="0">
              <value>
                <![CDATA["Place Order"]]>
              </value>
            </param>
            <param index="1">
              <value>
                <![CDATA["Title of your feature"]]>
              </value>
            </param>
          </params>
          <reporter-output>
          </reporter-output>
        </test-method> <!-- runScenario -->
        <test-method status="PASS" signature="tearDownClass()[pri:0, instance:runners.DemoBlazeRunner@646007f4]" name="tearDownClass" is-config="true" duration-ms="2111" started-at="2023-03-17T14:55:06 IST" finished-at="2023-03-17T14:55:08 IST">
          <reporter-output>
          </reporter-output>
        </test-method> <!-- tearDownClass -->
      </class> <!-- runners.DemoBlazeRunner -->
    </test> <!-- Default test -->
  </suite> <!-- Default suite -->
</testng-results>
